
RAxML-NG v. 0.6.0.dev BETA released on 15.06.2018 by The Exelixis Lab.
Authors: Alexey Kozlov, Alexandros Stamatakis, Diego Darriba, Tomas Flouri, Benoit Morel.
Latest version: https://github.com/amkozlov/raxml-ng
Questions/problems/suggestions? Please visit: https://groups.google.com/forum/#!forum/raxml

WARNING: This is a BETA release, please use at your own risk!

RAxML-NG was called as follows:

raxml-ng --bootstrap --bs-trees 20 --msa data/ref_and_V4_reads_nws.fasta --model GTR+G --prefix /hits/basement/sco/barbera/long-reads/trees/ref_and_V4_reads_nws.fasta/bootstrap/5/bootstrap --threads 8

Analysis options:
  run mode: Bootstrapping
  start tree(s): 
  bootstrap replicates: 20
  random seed: 1531409534
  tip-inner: ON
  pattern compression: ON
  per-rate scalers: OFF
  site repeats: OFF
  branch lengths: linked (ML estimate, algorithm: NR-FAST)
  SIMD kernels: AVX2
  parallelization: PTHREADS (8 threads)

[00:00:00] Reading alignment from file: data/ref_and_V4_reads_nws.fasta
[00:00:00] Loaded alignment with 2311 taxa and 1588 sites

WARNING: Duplicate sequences found: 31
WARNING: Sequences Eukaryota_Archaeplastida_Chloroplastida_Chlorophyta_Trebouxiophyceae_Coccomyxa_simplex@HG972989_1588_bp and Eukaryota_Archaeplastida_Chloroplastida_Chlorophyta_Trebouxiophyceae_Coccomyxa_simplex@FN298926_1588_bp are exactly identical!
WARNING: Sequences Eukaryota_Archaeplastida_Chloroplastida_Chlorophyta_Chlorophyceae_Chlorosarcinopsis@HQ246305_1588_bp and Eukaryota_Archaeplastida_Chloroplastida_Chlorophyta_Chlorophyceae_Chlorosarcinopsis@HQ246304_1588_bp are exactly identical!
WARNING: Sequences Eukaryota_Archaeplastida_Chloroplastida_Charophyta_Phragmoplastophyta_Streptophyta_Embryophyta_Tracheophyta_Spermatophyta_Magnoliophyta_Asterales_Diplostephium_jenesanum@KX064033_1588_bp and Eukaryota_Archaeplastida_Chloroplastida_Charophyta_Phragmoplastophyta_Streptophyta_Embryophyta_Tracheophyta_Spermatophyta_Magnoliophyta_Asterales_Diplostephium_rupestre@KX063977_1588_bp are exactly identical!
WARNING: Sequences Eukaryota_Archaeplastida_Chloroplastida_Charophyta_Phragmoplastophyta_Streptophyta_Embryophyta_Tracheophyta_Spermatophyta_Magnoliophyta_Asterales_Diplostephium_jenesanum@KX064033_1588_bp and Eukaryota_Archaeplastida_Chloroplastida_Charophyta_Phragmoplastophyta_Streptophyta_Embryophyta_Tracheophyta_Spermatophyta_Magnoliophyta_Asterales_Diplostephium_oblongifolium@KX063984_1588_bp are exactly identical!
WARNING: Sequences Eukaryota_Archaeplastida_Chloroplastida_Charophyta_Phragmoplastophyta_Streptophyta_Embryophyta_Tracheophyta_Spermatophyta_Magnoliophyta_Malpighiales_Hirtella_physophora@KJ414478_1588_bp and Eukaryota_Archaeplastida_Chloroplastida_Charophyta_Phragmoplastophyta_Streptophyta_Embryophyta_Tracheophyta_Spermatophyta_Magnoliophyta_Malpighiales_Hirtella_racemosa@KJ414472_1588_bp are exactly identical!
WARNING: Sequences Eukaryota_Opisthokonta_Nucletmycea_Fungi_Dikarya_Basidiomycota_Agaricomycotina_Tremellomycetes_Tremellales_Cuniculitremaceae_Kockovaella_lichenicola@AB032661_1588_bp and Eukaryota_Opisthokonta_Nucletmycea_Fungi_Dikarya_Basidiomycota_Agaricomycotina_Tremellomycetes_Tremellales_Cuniculitremaceae_Kockovaella_litseae@AB042218_1588_bp are exactly identical!
WARNING: Sequences Eukaryota_Opisthokonta_Nucletmycea_Fungi_Dikarya_Basidiomycota_Agaricomycotina_Tremellomycetes_Trichosporonales_Trichosporonaceae_Apiotrichum_dulcitum@AB001755_1588_bp and Eukaryota_Opisthokonta_Nucletmycea_Fungi_Dikarya_Basidiomycota_Agaricomycotina_Tremellomycetes_Trichosporonales_Trichosporonaceae_Apiotrichum_dulcitum@JN939419_1588_bp are exactly identical!
WARNING: Sequences Eukaryota_Opisthokonta_Nucletmycea_Fungi_Dikarya_Basidiomycota_Agaricomycotina_Tremellomycetes_Filobasidiales_Piskurozymaceae_Solicoccozyma_terreus@AB032647_1588_bp and Eukaryota_Opisthokonta_Nucletmycea_Fungi_Dikarya_Basidiomycota_Agaricomycotina_Tremellomycetes_Filobasidiales_Piskurozymaceae_Solicoccozyma_aeria@AB032614_1588_bp are exactly identical!
WARNING: Sequences Eukaryota_Opisthokonta_Nucletmycea_Fungi_Dikarya_Basidiomycota_Agaricomycotina_Tremellomycetes_Filobasidiales_Piskurozymaceae_Solicoccozyma_terreus@AB032647_1588_bp and Eukaryota_Opisthokonta_Nucletmycea_Fungi_Dikarya_Basidiomycota_Agaricomycotina_Tremellomycetes_Filobasidiales_Piskurozymaceae_Solicoccozyma_fuscescens@AB032631_1588_bp are exactly identical!
WARNING: Sequences Eukaryota_Opisthokonta_Nucletmycea_Fungi_Dikarya_Basidiomycota_Agaricomycotina_Agaricomycetes_Thelephorales@EF023538_1588_bp and Eukaryota_Opisthokonta_Nucletmycea_Fungi_Dikarya_Basidiomycota_Agaricomycotina_Agaricomycetes_Thelephorales@EF023524_1588_bp are exactly identical!
WARNING: Sequences Eukaryota_Opisthokonta_Nucletmycea_Fungi_Dikarya_Basidiomycota_Agaricomycotina_Agaricomycetes_Sebacinales_Sebacinaceae@EF023308_1588_bp and Eukaryota_Opisthokonta_Nucletmycea_Fungi_Dikarya_Basidiomycota_Agaricomycotina_AgaricomycetesSebacinales_Sebacinaceae@EF023231_1588_bp are exactly identical!
WARNING: Sequences Eukaryota_Opisthokonta_Nucletmycea_Fungi_Dikarya_Basidiomycota_Agaricomycotina_Tremellomycetes_Cystofilobasidiales_Cystofilobasidiaceae_Cystofilobasidium_macerans@AB032642_1588_bp and Eukaryota_Opisthokonta_Nucletmycea_Fungi_Dikarya_Basidiomycota_Agaricomycotina_Tremellomycetes_Cystofilobasidiales_Cystofilobasidiaceae_Cystofilobasidium_bisporidii@AB072225_1588_bp are exactly identical!
WARNING: Sequences Eukaryota_Opisthokonta_Nucletmycea_Fungi_Dikarya_Basidiomycota_Agaricomycotina_Tremellomycetes_Cystofilobasidiales_Cystofilobasidiaceae_Cystofilobasidium_macerans@AB032642_1588_bp and Eukaryota_Opisthokonta_Nucletmycea_Fungi_Dikarya_Basidiomycota_Agaricomycotina_Tremellomycetes_Cystofilobasidiales_Cystofilobasidiaceae_Cystofilobasidium_infirmominiatum@AB072226_1588_bp are exactly identical!
WARNING: Sequences Eukaryota_Opisthokonta_Nucletmycea_Fungi_Dikarya_Basidiomycota_Agaricomycotina_Tremellomycetes_Cystofilobasidiales_Cystofilobasidiaceae_Cystofilobasidium_macerans@AB032642_1588_bp and Eukaryota_Opisthokonta_Nucletmycea_Fungi_Dikarya_Basidiomycota_Agaricomycotina_Tremellomycetes_Cystofilobasidiales_Cystofilobasidiaceae_Cystofilobasidium_ferigula@AB032628_1588_bp are exactly identical!
WARNING: Sequences Eukaryota_Opisthokonta_Nucletmycea_Fungi_Dikarya_Ascomycota_Pezizomycotina_Dothideomycetes_Capnodiales_Cladosporiaceae_Cladosporium_herbarum@EU167558_1588_bp and Eukaryota_Opisthokonta_Nucletmycea_Fungi_Dikarya_Ascomycota_Pezizomycotina_Dothideomycetes_Capnodiales_Cladosporiaceae_Cladosporium_iridis@EU167591_1588_bp are exactly identical!
WARNING: Sequences Eukaryota_Opisthokonta_Nucletmycea_Fungi_Dikarya_Ascomycota_Pezizomycotina_Sordariomycetes_Sordariales_Cephalothecaceae_Phialemonium_dimorphosporum@AB278185_1588_bp and Eukaryota_Opisthokonta_Nucletmycea_Fungi_Dikarya_Ascomycota_Pezizomycotina_Sordariomycetes_Xylariales_Phialemoniopsis_curvata@AB278180_1588_bp are exactly identical!
WARNING: Sequences Eukaryota_Opisthokonta_Nucletmycea_Fungi_Dikarya_Ascomycota_Pezizomycotina_Sordariomycetes_Magnaporthales_Magnaporthaceae_Magnaporthe_grisea@AB026819_1588_bp and Eukaryota_Opisthokonta_Nucletmycea_Fungi_Dikarya_Ascomycota_Pezizomycotina_Sordariomycetes_Magnaporthales_Magnaporthaceae_Magnaporthe_oryzae@JQ747492_1588_bp are exactly identical!
WARNING: Sequences Eukaryota_Opisthokonta_Nucletmycea_Fungi_Dikarya_Ascomycota_Pezizomycotina_Sordariomycetes_Xylariales_Apiosporaceae_Arthrinium_euphorbiae@AB220190_1588_bp and Eukaryota_Opisthokonta_Nucletmycea_Fungi_Dikarya_Ascomycota_Pezizomycotina_Sordariomycetes_Xylariales_Apiosporaceae_Arthrinium_sacchari@AB220188_1588_bp are exactly identical!
WARNING: Sequences Eukaryota_Opisthokonta_Nucletmycea_Fungi_Dikarya_Ascomycota_Pezizomycotina_Sordariomycetes_Hypocreales_Clavicipitaceae_Epichloe_typhina@KU710348_1588_bp and Eukaryota_Opisthokonta_Nucletmycea_Fungi_Dikarya_Ascomycota_Pezizomycotina_Sordariomycetes_Hypocreales_Clavicipitaceae_Epichloe@KU710347_1588_bp are exactly identical!
WARNING: Sequences Eukaryota_Opisthokonta_Nucletmycea_Fungi_Dikarya_Ascomycota_Pezizomycotina_Sordariomycetes_Glomerellales_Glomerellaceae_Colletotrichum_truncatum@AJ301945_1588_bp and Eukaryota_Opisthokonta_Nucletmycea_Fungi_Dikarya_Ascomycota_Pezizomycotina_Sordariomycetes_Glomerellales_Glomerellaceae_Colletotrichum_truncatum@AJ301944_1588_bp are exactly identical!
WARNING: Sequences c-1065_conseq_Otu00003_1281_1588_bp and m54032_170210_154134_55641023_ccs_Otu00049_45_1588_bp are exactly identical!
WARNING: Sequences Eukaryota_Opisthokonta_Nucletmycea_Fungi_Mucoromycota_Mortierellomycotina_Mortierellales_Mortierellaceae_Mortierella_alpina@AJ271630_1588_bp and Eukaryota_Opisthokonta_Nucletmycea_Fungi_Mucoromycota_Mortierellomycotina_Mortierellales_Mortierellaceae_Mortierella_alpina@AJ271629_1588_bp are exactly identical!
WARNING: Sequences Eukaryota_Opisthokonta_Nucletmycea_Fungi_Zoopagomycota_Entomophthoromycotina_Basidiobolomycetes_Basidiobolales_Basidiobolaceae_Basidiobolus_meristosporus@MCFE01000866_1588_bp and Eukaryota_Opisthokonta_Nucletmycea_Fungi_Zoopagomycota_Entomophthoromycotina_Basidiobolomycetes_Basidiobolales_Basidiobolaceae_Basidiobolus_meristosporus@MCFE01000829_1588_bp are exactly identical!
WARNING: Sequences Eukaryota_SAR_Alveolata_Apicomplexa_Conoidasida_Cryptosporida_Cryptosporidium_muris_RN66@AAZY02000007_1588_bp and Eukaryota_SAR_Alveolata_Apicomplexa_Conoidasida_Cryptosporida_Cryptosporidium_muris_RN66@AAZY02000003_1588_bp are exactly identical!
WARNING: Sequences Eukaryota_SAR_Stramenopiles_Ochrophyta_Eustigmatophyceae_Eustigmatales_Vischeria_helvetica@AF045051_1588_bp and Eukaryota_SAR_Stramenopiles_Ochrophyta_Eustigmatophyceae_Eustigmatales_Vischeria_helvetica@JX188080_1588_bp are exactly identical!
WARNING: Sequences Eukaryota_SAR_Stramenopiles_Ochrophyta_Chrysophyceae_Chromulinales@EF024344_1588_bp and Eukaryota_SAR_Stramenopiles_Ochrophyta_Chrysophyceae_Chromulinales@EF024085_1588_bp are exactly identical!
WARNING: Sequences Eukaryota_SAR_Stramenopiles_Peronosporomycetes_Phytophthora_primulae@JN635180_1588_bp and Eukaryota_SAR_Stramenopiles_Peronosporomycetes_Phytophthora_brassicae@JN635066_1588_bp are exactly identical!
WARNING: Sequences c-2213_conseq_Otu00048_46_1588_bp and m54088_170214_101554_9110177_ccs_Otu00387_3_1588_bp are exactly identical!
WARNING: Sequences Eukaryota_Opisthokonta_Holozoa_Metazoa_Animalia_Eumetazoa_Bilateria_Annelida_Clitellata_Oligochaeta_Haplotaxida_Rhyacodrilus_subterraneus@DQ459962_1588_bp and Eukaryota_Opisthokonta_Holozoa_Metazoa_Animalia_Eumetazoa_Bilateria_Annelida_Clitellata_Oligochaeta_Haplotaxida_Rhyacodrilus_hiemalis@DQ459964_1588_bp are exactly identical!
WARNING: Sequences Eukaryota_Opisthokonta_Holozoa_Metazoa_Animalia_Eumetazoa_Bilateria_Arthropoda_Chelicerata_Arachnida_Acari_Tectocepheus_sarekensis@EF093777_1588_bp and Eukaryota_Opisthokonta_Holozoa_Metazoa_Animalia_Eumetazoa_Bilateria_Arthropoda_Chelicerata_Arachnida_Acari_Tectocepheus_sarekensis@EF093776_1588_bp are exactly identical!
WARNING: Sequences Eukaryota_Opisthokonta_Holozoa_Metazoa_Animalia_Eumetazoa_Bilateria_Nematoda_Chromadorea_Tylenchida_Pratylenchoides_nevadensis@KU854996_1588_bp and Eukaryota_Opisthokonta_Holozoa_Metazoa_Animalia_Eumetazoa_Bilateria_Nematoda_Chromadorea_Tylenchida_Pratylenchoides_nevadensis@KU854995_1588_bp are exactly identical!

WARNING: Fully undetermined sequences found: 2

NOTE: Reduced alignment (with gap-only columns removed) was printed to:
/hits/basement/sco/barbera/long-reads/trees/ref_and_V4_reads_nws.fasta/bootstrap/5/bootstrap.raxml.reduced.phy

Alignment comprises 1 partitions and 1579 patterns

Partition 0: noname
Model: GTR+FO+G4m
Alignment sites / patterns: 1588 / 1579
Gaps: 27.30 %
Invariant sites: 2.52 %


NOTE: Binary MSA file created: /hits/basement/sco/barbera/long-reads/trees/ref_and_V4_reads_nws.fasta/bootstrap/5/bootstrap.raxml.rba


NOTE: Per-rate scalers were automatically enabled to prevent numerical issues on taxa-rich alignments.
NOTE: You can use --force switch to skip this check and fall back to per-site scalers.

[00:00:00] Data distribution: partitions/thread: 1-1, patterns/thread: 197-198

WARNING: You are probably using too many threads (8) for your alignment with 1579 unique patterns.
NOTE:    For the optimal throughput, please consider using 2 threads ('--threads 2' option)
NOTE:    and parallelize across starting trees/bootstrap replicates.
NOTE:    As a general rule-of-thumb, please assign at least 200-1000 alignment patterns per thread.
[00:00:00] Starting bootstrapping analysis with 20 replicates.

[02:15:30] Bootstrap tree #1, logLikelihood: -324896.536455
[03:43:04] Bootstrap tree #2, logLikelihood: -308079.466438
[04:53:57] Bootstrap tree #3, logLikelihood: -307837.974947
[06:47:52] Bootstrap tree #4, logLikelihood: -304794.245164
[08:16:11] Bootstrap tree #5, logLikelihood: -322135.389233
[10:09:38] Bootstrap tree #6, logLikelihood: -300971.249070
[12:48:01] Bootstrap tree #7, logLikelihood: -317208.132599
[14:34:33] Bootstrap tree #8, logLikelihood: -298131.167097
[16:20:46] Bootstrap tree #9, logLikelihood: -310834.761419
[20:00:31] Bootstrap tree #10, logLikelihood: -314951.529368
[22:27:28] Bootstrap tree #11, logLikelihood: -307981.478384

RAxML-NG v. 0.6.0git BETA released on 10.07.2018 by The Exelixis Lab.
Authors: Alexey Kozlov, Alexandros Stamatakis, Diego Darriba, Tomas Flouri, Benoit Morel.
Latest version: https://github.com/amkozlov/raxml-ng
Questions/problems/suggestions? Please visit: https://groups.google.com/forum/#!forum/raxml

WARNING: This is a BETA release, please use at your own risk!

RAxML-NG was called as follows:

raxml-ng --bootstrap --bs-trees 20 --msa data/ref_and_V4_reads_nws.fasta --model GTR+G --prefix /hits/basement/sco/barbera/long-reads/trees/ref_and_V4_reads_nws.fasta/bootstrap/5/bootstrap --threads 8

Analysis options:
  run mode: Bootstrapping
  start tree(s): 
  bootstrap replicates: 20
  random seed: 1532611566
  tip-inner: ON
  pattern compression: ON
  per-rate scalers: OFF
  site repeats: OFF
  branch lengths: linked (ML estimate, algorithm: NR-FAST)
  SIMD kernels: AVX2
  parallelization: PTHREADS (8 threads)

WARNING: The model you specified on the command line (GTR+G) will be ignored 
         since the binary MSA file already contains a model definition.
         If you want to change the model, please re-run RAxML-NG 
         with the original PHYLIP/FASTA alignment and --redo option.

[00:00:00] Loading binary alignment from file: /hits/basement/sco/barbera/long-reads/trees/ref_and_V4_reads_nws.fasta/bootstrap/5/bootstrap.raxml.rba
[00:00:00] Alignment comprises 2311 taxa, 1 partitions and 1579 patterns

Partition 0: noname
Model: GTR+FO+G4m
Alignment sites / patterns: 1588 / 1579
Gaps: 27.30 %
Invariant sites: 2.52 %



NOTE: Per-rate scalers were automatically enabled to prevent numerical issues on taxa-rich alignments.
NOTE: You can use --force switch to skip this check and fall back to per-site scalers.

[00:00:00] NOTE: Resuming execution from checkpoint (logLH: -315195.07, ML trees: 0, bootstraps: 11)
[00:00:00] Data distribution: max. partitions/sites/weight per thread: 1 / 198 / 3168
[00:00:00] Starting bootstrapping analysis with 20 replicates.

[04:10:14] Bootstrap tree #12, logLikelihood: -313389.812004
[06:01:39] Bootstrap tree #13, logLikelihood: -294851.383079
[07:20:59] Bootstrap tree #14, logLikelihood: -315591.040133
[09:40:37] Bootstrap tree #15, logLikelihood: -313119.393382
[11:51:52] Bootstrap tree #16, logLikelihood: -323861.229285
[13:30:07] Bootstrap tree #17, logLikelihood: -307979.107077
[15:59:11] Bootstrap tree #18, logLikelihood: -314644.890771
[18:46:22] Bootstrap tree #19, logLikelihood: -300405.898933
[21:01:44] Bootstrap tree #20, logLikelihood: -315473.331952

Optimized model parameters:

   Partition 0: noname
   Rate heterogeneity: GAMMA (4 cats, mean),  alpha: 0.582972 (ML),  weights&rates: (0.250000,0.049616) (0.250000,0.302673) (0.250000,0.872376) (0.250000,2.775334) 
   Base frequencies (ML): 0.255181 0.172244 0.253230 0.319346 
   Substitution rates (ML): 1.887427 3.843087 1.523598 1.235393 5.698970 1.000000 
Bootstrap trees saved to: /hits/basement/sco/barbera/long-reads/trees/ref_and_V4_reads_nws.fasta/bootstrap/5/bootstrap.raxml.bootstraps

Execution log saved to: /hits/basement/sco/barbera/long-reads/trees/ref_and_V4_reads_nws.fasta/bootstrap/5/bootstrap.raxml.log

Analysis started: 26-Jul-2018 15:26:06 / finished: 27-Jul-2018 12:27:51

Elapsed time: 75705.434 seconds (this run) / 162093.109 seconds (total with restarts)

