INFO Selected: Output dir: /home/barberpe/fast/long-reads/jplace/pruned_V4/V4_reads_nws.fasta/
INFO Selected: verbose (debug) output
INFO Selected: Query file: data/V4_reads_nws.fasta
INFO Selected: Tree file: /home/barberpe/fast/long-reads/trees/ref_and_V4_reads_nws.fasta/pruned/pruned.newick
INFO Selected: Reference MSA: /home/barberpe/fast/long-reads/data/ref_only_nws.fasta
INFO Selected: Disabling pre-masking. (repeats enabled!)
INFO Selected: Disabling the prescoring heuristics.
INFO Selected: Specified model: GTR{1.535717/3.885900/1.616928/0.953726/5.541074/1.000000}+FU{0.245863/0.193741/0.270116/0.290280}+G4m{0.607536}
INFO    Rate heterogeneity: GAMMA (4 cats, mean),  alpha: 0.607536 (user),  weights&rates: (0.25,0.054666) (0.25,0.316435) (0.25,0.885115) (0.25,2.74378) 
        Base frequencies (user): 0.245863 0.193741 0.270116 0.29028 
        Substitution rates (user): 1.53572 3.8859 1.61693 0.953726 5.54107 1
INFO Selected: Using threads: 40
INFO     ______ ____   ___           _   __ ______
        / ____// __ \ /   |         / | / // ____/
       / __/  / /_/ // /| | ______ /  |/ // / __  
      / /___ / ____// ___ |/_____// /|  // /_/ /  
     /_____//_/    /_/  |_|      /_/ |_/ \____/ (v0.2.1-beta)
DBG  Peeking into MSA files and generating masks
DBG  Reference File:
     Path: /home/barberpe/fast/long-reads/data/ref_only_nws.fasta
     Sequences: 1661
     Sites: 1588
     Gaps: 0
     Fraction of gaps: 0
DBG  Query File:
     Path: data/V4_reads_nws.fasta
     Sequences: 650
     Sites: 1588
     Gaps: 1234
     Fraction of gaps: 0.777078
DBG  Failed to parse input as binary fasta (bfast), trying `fasta` instead.
DBG  Reference File size: 1661
DBG  Reference File width: 1588
DBG     Rate heterogeneity: GAMMA (4 cats, mean),  alpha: 0.607536 (user),  weights&rates: (0.25,0.054666) (0.25,0.316435) (0.25,0.885115) (0.25,2.74378) 
        Base frequencies (user): 0.245863 0.193741 0.270116 0.29028 
        Substitution rates (user): 1.53572 3.8859 1.61693 0.953726 5.54107 1
DBG  Tree length: 77.4558
DBG  Reference tree log-likelihood: -297628.268450
INFO Number of ranks: 1
DBG  Failed to parse input as binary fasta (bfast), trying `fasta` instead.
INFO Output file: /home/barberpe/fast/long-reads/jplace/pruned_V4/V4_reads_nws.fasta/epa_result.jplace
DBG  num_sequences: 650
DBG  BLO Placement.
DBG  Using threads: 40
DBG  Max threads: 40
DBG  Filtering output placements below threshold: 0.01
INFO 650 Sequences done!
INFO Time spent placing: 93s
INFO Elapsed Time: 94s
