
RAxML-NG v. 0.6.0.dev BETA released on 15.06.2018 by The Exelixis Lab.
Authors: Alexey Kozlov, Alexandros Stamatakis, Diego Darriba, Tomas Flouri, Benoit Morel.
Latest version: https://github.com/amkozlov/raxml-ng
Questions/problems/suggestions? Please visit: https://groups.google.com/forum/#!forum/raxml

WARNING: This is a BETA release, please use at your own risk!

RAxML-NG was called as follows:

raxml-ng --search --msa data/ref_only_nws.fasta --model GTR+G --prefix /hits/basement/sco/barbera/long-reads/trees/ref_only_nws.fasta/UNCONS_RAND/search --tree rand{10} --threads 8

Analysis options:
  run mode: ML tree search
  start tree(s): random (10)
  random seed: 1529356015
  tip-inner: ON
  pattern compression: ON
  per-rate scalers: OFF
  site repeats: OFF
  fast spr radius: AUTO
  spr subtree cutoff: 1.000000
  branch lengths: linked (ML estimate, algorithm: NR-FAST)
  SIMD kernels: AVX2
  parallelization: PTHREADS (8 threads)

[00:00:00] Reading alignment from file: data/ref_only_nws.fasta
[00:00:00] Loaded alignment with 1661 taxa and 1588 sites

WARNING: Duplicate sequences found: 29
WARNING: Sequences Eukaryota_Archaeplastida_Chloroplastida_Charophyta_Phragmoplastophyta_Streptophyta_Embryophyta_Tracheophyta_Spermatophyta_Magnoliophyta_Asterales_Diplostephium_jenesanum@KX064033_1588_bp and Eukaryota_Archaeplastida_Chloroplastida_Charophyta_Phragmoplastophyta_Streptophyta_Embryophyta_Tracheophyta_Spermatophyta_Magnoliophyta_Asterales_Diplostephium_oblongifolium@KX063984_1588_bp are exactly identical!
WARNING: Sequences Eukaryota_Archaeplastida_Chloroplastida_Charophyta_Phragmoplastophyta_Streptophyta_Embryophyta_Tracheophyta_Spermatophyta_Magnoliophyta_Asterales_Diplostephium_jenesanum@KX064033_1588_bp and Eukaryota_Archaeplastida_Chloroplastida_Charophyta_Phragmoplastophyta_Streptophyta_Embryophyta_Tracheophyta_Spermatophyta_Magnoliophyta_Asterales_Diplostephium_rupestre@KX063977_1588_bp are exactly identical!
WARNING: Sequences Eukaryota_Archaeplastida_Chloroplastida_Charophyta_Phragmoplastophyta_Streptophyta_Embryophyta_Tracheophyta_Spermatophyta_Magnoliophyta_Malpighiales_Hirtella_physophora@KJ414478_1588_bp and Eukaryota_Archaeplastida_Chloroplastida_Charophyta_Phragmoplastophyta_Streptophyta_Embryophyta_Tracheophyta_Spermatophyta_Magnoliophyta_Malpighiales_Hirtella_racemosa@KJ414472_1588_bp are exactly identical!
WARNING: Sequences Eukaryota_Archaeplastida_Chloroplastida_Chlorophyta_Chlorophyceae_Chlorosarcinopsis@HQ246304_1588_bp and Eukaryota_Archaeplastida_Chloroplastida_Chlorophyta_Chlorophyceae_Chlorosarcinopsis@HQ246305_1588_bp are exactly identical!
WARNING: Sequences Eukaryota_Archaeplastida_Chloroplastida_Chlorophyta_Trebouxiophyceae_Coccomyxa_simplex@FN298926_1588_bp and Eukaryota_Archaeplastida_Chloroplastida_Chlorophyta_Trebouxiophyceae_Coccomyxa_simplex@HG972989_1588_bp are exactly identical!
WARNING: Sequences Eukaryota_Opisthokonta_Holozoa_Metazoa_Animalia_Eumetazoa_Bilateria_Annelida_Clitellata_Oligochaeta_Haplotaxida_Rhyacodrilus_hiemalis@DQ459964_1588_bp and Eukaryota_Opisthokonta_Holozoa_Metazoa_Animalia_Eumetazoa_Bilateria_Annelida_Clitellata_Oligochaeta_Haplotaxida_Rhyacodrilus_subterraneus@DQ459962_1588_bp are exactly identical!
WARNING: Sequences Eukaryota_Opisthokonta_Holozoa_Metazoa_Animalia_Eumetazoa_Bilateria_Arthropoda_Chelicerata_Arachnida_Acari_Tectocepheus_sarekensis@EF093776_1588_bp and Eukaryota_Opisthokonta_Holozoa_Metazoa_Animalia_Eumetazoa_Bilateria_Arthropoda_Chelicerata_Arachnida_Acari_Tectocepheus_sarekensis@EF093777_1588_bp are exactly identical!
WARNING: Sequences Eukaryota_Opisthokonta_Holozoa_Metazoa_Animalia_Eumetazoa_Bilateria_Nematoda_Chromadorea_Tylenchida_Pratylenchoides_nevadensis@KU854995_1588_bp and Eukaryota_Opisthokonta_Holozoa_Metazoa_Animalia_Eumetazoa_Bilateria_Nematoda_Chromadorea_Tylenchida_Pratylenchoides_nevadensis@KU854996_1588_bp are exactly identical!
WARNING: Sequences Eukaryota_Opisthokonta_Nucletmycea_Fungi_Dikarya_Ascomycota_Pezizomycotina_Dothideomycetes_Capnodiales_Cladosporiaceae_Cladosporium_herbarum@EU167558_1588_bp and Eukaryota_Opisthokonta_Nucletmycea_Fungi_Dikarya_Ascomycota_Pezizomycotina_Dothideomycetes_Capnodiales_Cladosporiaceae_Cladosporium_iridis@EU167591_1588_bp are exactly identical!
WARNING: Sequences Eukaryota_Opisthokonta_Nucletmycea_Fungi_Dikarya_Ascomycota_Pezizomycotina_Sordariomycetes_Glomerellales_Glomerellaceae_Colletotrichum_truncatum@AJ301944_1588_bp and Eukaryota_Opisthokonta_Nucletmycea_Fungi_Dikarya_Ascomycota_Pezizomycotina_Sordariomycetes_Glomerellales_Glomerellaceae_Colletotrichum_truncatum@AJ301945_1588_bp are exactly identical!
WARNING: Sequences Eukaryota_Opisthokonta_Nucletmycea_Fungi_Dikarya_Ascomycota_Pezizomycotina_Sordariomycetes_Hypocreales_Clavicipitaceae_Epichloe@KU710347_1588_bp and Eukaryota_Opisthokonta_Nucletmycea_Fungi_Dikarya_Ascomycota_Pezizomycotina_Sordariomycetes_Hypocreales_Clavicipitaceae_Epichloe_typhina@KU710348_1588_bp are exactly identical!
WARNING: Sequences Eukaryota_Opisthokonta_Nucletmycea_Fungi_Dikarya_Ascomycota_Pezizomycotina_Sordariomycetes_Magnaporthales_Magnaporthaceae_Magnaporthe_grisea@AB026819_1588_bp and Eukaryota_Opisthokonta_Nucletmycea_Fungi_Dikarya_Ascomycota_Pezizomycotina_Sordariomycetes_Magnaporthales_Magnaporthaceae_Magnaporthe_oryzae@JQ747492_1588_bp are exactly identical!
WARNING: Sequences Eukaryota_Opisthokonta_Nucletmycea_Fungi_Dikarya_Ascomycota_Pezizomycotina_Sordariomycetes_Sordariales_Cephalothecaceae_Phialemonium_dimorphosporum@AB278185_1588_bp and Eukaryota_Opisthokonta_Nucletmycea_Fungi_Dikarya_Ascomycota_Pezizomycotina_Sordariomycetes_Xylariales_Phialemoniopsis_curvata@AB278180_1588_bp are exactly identical!
WARNING: Sequences Eukaryota_Opisthokonta_Nucletmycea_Fungi_Dikarya_Ascomycota_Pezizomycotina_Sordariomycetes_Xylariales_Apiosporaceae_Arthrinium_euphorbiae@AB220190_1588_bp and Eukaryota_Opisthokonta_Nucletmycea_Fungi_Dikarya_Ascomycota_Pezizomycotina_Sordariomycetes_Xylariales_Apiosporaceae_Arthrinium_sacchari@AB220188_1588_bp are exactly identical!
WARNING: Sequences Eukaryota_Opisthokonta_Nucletmycea_Fungi_Dikarya_Basidiomycota_Agaricomycotina_Agaricomycetes;Sebacinales;Sebacinaceae@EF023308_1588_bp and Eukaryota_Opisthokonta_Nucletmycea_Fungi_Dikarya_Basidiomycota_Agaricomycotina_AgaricomycetesSebacinales;Sebacinaceae@EF023231_1588_bp are exactly identical!
WARNING: Sequences Eukaryota_Opisthokonta_Nucletmycea_Fungi_Dikarya_Basidiomycota_Agaricomycotina_Agaricomycetes_Thelephorales@EF023524_1588_bp and Eukaryota_Opisthokonta_Nucletmycea_Fungi_Dikarya_Basidiomycota_Agaricomycotina_Agaricomycetes_Thelephorales@EF023538_1588_bp are exactly identical!
WARNING: Sequences Eukaryota_Opisthokonta_Nucletmycea_Fungi_Dikarya_Basidiomycota_Agaricomycotina_Tremellomycetes_Cystofilobasidiales_Cystofilobasidiaceae_Cystofilobasidium_bisporidii@AB072225_1588_bp and Eukaryota_Opisthokonta_Nucletmycea_Fungi_Dikarya_Basidiomycota_Agaricomycotina_Tremellomycetes_Cystofilobasidiales_Cystofilobasidiaceae_Cystofilobasidium_ferigula@AB032628_1588_bp are exactly identical!
WARNING: Sequences Eukaryota_Opisthokonta_Nucletmycea_Fungi_Dikarya_Basidiomycota_Agaricomycotina_Tremellomycetes_Cystofilobasidiales_Cystofilobasidiaceae_Cystofilobasidium_bisporidii@AB072225_1588_bp and Eukaryota_Opisthokonta_Nucletmycea_Fungi_Dikarya_Basidiomycota_Agaricomycotina_Tremellomycetes_Cystofilobasidiales_Cystofilobasidiaceae_Cystofilobasidium_infirmominiatum@AB072226_1588_bp are exactly identical!
WARNING: Sequences Eukaryota_Opisthokonta_Nucletmycea_Fungi_Dikarya_Basidiomycota_Agaricomycotina_Tremellomycetes_Cystofilobasidiales_Cystofilobasidiaceae_Cystofilobasidium_bisporidii@AB072225_1588_bp and Eukaryota_Opisthokonta_Nucletmycea_Fungi_Dikarya_Basidiomycota_Agaricomycotina_Tremellomycetes_Cystofilobasidiales_Cystofilobasidiaceae_Cystofilobasidium_macerans@AB032642_1588_bp are exactly identical!
WARNING: Sequences Eukaryota_Opisthokonta_Nucletmycea_Fungi_Dikarya_Basidiomycota_Agaricomycotina_Tremellomycetes_Filobasidiales_Piskurozymaceae_Solicoccozyma_aeria@AB032614_1588_bp and Eukaryota_Opisthokonta_Nucletmycea_Fungi_Dikarya_Basidiomycota_Agaricomycotina_Tremellomycetes_Filobasidiales_Piskurozymaceae_Solicoccozyma_fuscescens@AB032631_1588_bp are exactly identical!
WARNING: Sequences Eukaryota_Opisthokonta_Nucletmycea_Fungi_Dikarya_Basidiomycota_Agaricomycotina_Tremellomycetes_Filobasidiales_Piskurozymaceae_Solicoccozyma_aeria@AB032614_1588_bp and Eukaryota_Opisthokonta_Nucletmycea_Fungi_Dikarya_Basidiomycota_Agaricomycotina_Tremellomycetes_Filobasidiales_Piskurozymaceae_Solicoccozyma_terreus@AB032647_1588_bp are exactly identical!
WARNING: Sequences Eukaryota_Opisthokonta_Nucletmycea_Fungi_Dikarya_Basidiomycota_Agaricomycotina_Tremellomycetes_Tremellales_Cuniculitremaceae_Kockovaella_lichenicola@AB032661_1588_bp and Eukaryota_Opisthokonta_Nucletmycea_Fungi_Dikarya_Basidiomycota_Agaricomycotina_Tremellomycetes_Tremellales_Cuniculitremaceae_Kockovaella_litseae@AB042218_1588_bp are exactly identical!
WARNING: Sequences Eukaryota_Opisthokonta_Nucletmycea_Fungi_Dikarya_Basidiomycota_Agaricomycotina_Tremellomycetes_Trichosporonales_Trichosporonaceae_Apiotrichum_dulcitum@AB001755_1588_bp and Eukaryota_Opisthokonta_Nucletmycea_Fungi_Dikarya_Basidiomycota_Agaricomycotina_Tremellomycetes_Trichosporonales_Trichosporonaceae_Apiotrichum_dulcitum@JN939419_1588_bp are exactly identical!
WARNING: Sequences Eukaryota_Opisthokonta_Nucletmycea_Fungi_Mucoromycota_Mortierellomycotina_Mortierellales_Mortierellaceae_Mortierella_alpina@AJ271629_1588_bp and Eukaryota_Opisthokonta_Nucletmycea_Fungi_Mucoromycota_Mortierellomycotina_Mortierellales_Mortierellaceae_Mortierella_alpina@AJ271630_1588_bp are exactly identical!
WARNING: Sequences Eukaryota_Opisthokonta_Nucletmycea_Fungi_Zoopagomycota_Entomophthoromycotina_Basidiobolomycetes_Basidiobolales_Basidiobolaceae_Basidiobolus_meristosporus@MCFE01000829_1588_bp and Eukaryota_Opisthokonta_Nucletmycea_Fungi_Zoopagomycota_Entomophthoromycotina_Basidiobolomycetes_Basidiobolales_Basidiobolaceae_Basidiobolus_meristosporus@MCFE01000866_1588_bp are exactly identical!
WARNING: Sequences Eukaryota_SAR_Alveolata_Apicomplexa_Conoidasida_Cryptosporida_Cryptosporidium_muris_RN66@AAZY02000003_1588_bp and Eukaryota_SAR_Alveolata_Apicomplexa_Conoidasida_Cryptosporida_Cryptosporidium_muris_RN66@AAZY02000007_1588_bp are exactly identical!
WARNING: Sequences Eukaryota_SAR_Stramenopiles_Ochrophyta_Chrysophyceae_Chromulinales@EF024085_1588_bp and Eukaryota_SAR_Stramenopiles_Ochrophyta_Chrysophyceae_Chromulinales@EF024344_1588_bp are exactly identical!
WARNING: Sequences Eukaryota_SAR_Stramenopiles_Ochrophyta_Eustigmatophyceae_Eustigmatales_Vischeria_helvetica@AF045051_1588_bp and Eukaryota_SAR_Stramenopiles_Ochrophyta_Eustigmatophyceae_Eustigmatales_Vischeria_helvetica@JX188080_1588_bp are exactly identical!
WARNING: Sequences Eukaryota_SAR_Stramenopiles_Peronosporomycetes_Phytophthora_brassicae@JN635066_1588_bp and Eukaryota_SAR_Stramenopiles_Peronosporomycetes_Phytophthora_primulae@JN635180_1588_bp are exactly identical!

Alignment comprises 1 partitions and 1579 patterns

Partition 0: noname
Model: GTR+FO+G4m
Alignment sites / patterns: 1588 / 1579
Gaps: 7.09 %
Invariant sites: 2.77 %


NOTE: Binary MSA file created: /hits/basement/sco/barbera/long-reads/trees/ref_only_nws.fasta/UNCONS_RAND/search.raxml.rba

[00:00:00] Generating 10 random starting tree(s) with 1661 taxa
[00:00:00] Data distribution: partitions/thread: 1-1, patterns/thread: 197-198

WARNING: You are probably using too many threads (8) for your alignment with 1579 unique patterns.
NOTE:    For the optimal throughput, please consider using 2 threads ('--threads 2' option)
NOTE:    and parallelize across starting trees/bootstrap replicates.
NOTE:    As a general rule-of-thumb, please assign at least 200-1000 alignment patterns per thread.

Starting ML tree search with 10 distinct starting trees

[00:54:46] ML tree search #1, logLikelihood: -288909.277931
[01:40:56] ML tree search #2, logLikelihood: -288933.795385
[02:24:50] ML tree search #3, logLikelihood: -288898.368509
[03:20:01] ML tree search #4, logLikelihood: -288850.563888
[04:11:32] ML tree search #5, logLikelihood: -288877.428790
[04:52:38] ML tree search #6, logLikelihood: -288842.997992
[05:47:45] ML tree search #7, logLikelihood: -288874.836892
[06:38:43] ML tree search #8, logLikelihood: -288909.228191
[07:34:33] ML tree search #9, logLikelihood: -288842.091982
[08:37:33] ML tree search #10, logLikelihood: -288878.345722

Optimized model parameters:

   Partition 0: noname
   Rate heterogeneity: GAMMA (4 cats, mean),  alpha: 0.607369 (ML),  weights&rates: (0.250000,0.054631) (0.250000,0.316343) (0.250000,0.885032) (0.250000,2.743993) 
   Base frequencies (ML): 0.248546 0.191275 0.268454 0.291725 
   Substitution rates (ML): 1.617272 3.931596 1.645921 1.006280 5.718546 1.000000 

Final LogLikelihood: -288842.091982

All ML trees saved to: /hits/basement/sco/barbera/long-reads/trees/ref_only_nws.fasta/UNCONS_RAND/search.raxml.mlTrees
Best ML tree saved to: /hits/basement/sco/barbera/long-reads/trees/ref_only_nws.fasta/UNCONS_RAND/search.raxml.bestTree
Optimized model saved to: /hits/basement/sco/barbera/long-reads/trees/ref_only_nws.fasta/UNCONS_RAND/search.raxml.bestModel

Execution log saved to: /hits/basement/sco/barbera/long-reads/trees/ref_only_nws.fasta/UNCONS_RAND/search.raxml.log

Analysis started: 18-Jun-2018 23:06:55 / finished: 19-Jun-2018 07:44:28

Elapsed time: 31053.479 seconds

