INFO Selected: Output dir: /hits/fast/sco/barbera/long-reads/jplace/V4_reads_nws.fasta/
INFO Selected: Query file: data/V4_reads_nws.fasta
INFO Selected: Tree file: /hits/fast/sco/barbera/long-reads/trees/ref_only_nws.fasta/UNCONS_RAND/search.raxml.bestTree
INFO Selected: Reference MSA: /hits/fast/sco/barbera/long-reads/data/ref_only_nws.fasta
INFO Selected: Disabling pre-masking. (repeats enabled!)
INFO Selected: Disabling the prescoring heuristics.
INFO Selected: Specified model: GTR{1.617272/3.931596/1.645921/1.006280/5.718546/1.000000}+FU{0.248546/0.191275/0.268454/0.291725}+G4m{0.607369}
INFO    Rate heterogeneity: GAMMA (4 cats, mean),  alpha: 0.607369 (user),  weights&rates: (0.25,0.0546314) (0.25,0.316343) (0.25,0.885032) (0.25,2.74399) 
        Base frequencies (user): 0.248546 0.191275 0.268454 0.291725 
        Substitution rates (user): 1.61727 3.9316 1.64592 1.00628 5.71855 1
INFO Selected: Using threads: 40
INFO     ______ ____   ___           _   __ ______
        / ____// __ \ /   |         / | / // ____/
       / __/  / /_/ // /| | ______ /  |/ // / __  
      / /___ / ____// ___ |/_____// /|  // /_/ /  
     /_____//_/    /_/  |_|      /_/ |_/ \____/ (v0.2.1-beta)
INFO Number of ranks: 1
INFO Output file: /hits/fast/sco/barbera/long-reads/jplace/V4_reads_nws.fasta/epa_result.jplace
INFO 650 Sequences done!
INFO Time spent placing: 81s
INFO Elapsed Time: 82s
