INFO Selected: Output dir: /hits/fast/sco/barbera/long-reads/jplace/pruned_V4/long_read_queries/
INFO Selected: verbose (debug) output
INFO Selected: Query file: /hits/fast/sco/barbera/long-reads/data/long_reads_nws.fasta
INFO Selected: Tree file: /hits/fast/sco/barbera/long-reads/trees/ref_and_V4_reads_nws.fasta/pruned/best.tre
INFO Selected: Reference MSA: /hits/fast/sco/barbera/long-reads/data/ref_only_nws.fasta
INFO Selected: Disabling pre-masking. (repeats enabled!)
INFO Selected: Disabling the prescoring heuristics.
INFO Selected: Specified model: GTR{1.624965/3.942855/1.659847/1.005133/5.708319/1.000000}+FU{0.247162/0.192056/0.269363/0.291420}+G4m{0.605150}
INFO    Rate heterogeneity: GAMMA (4 cats, mean),  alpha: 0.60515 (user),  weights&rates: (0.25,0.054172) (0.25,0.315123) (0.25,0.883924) (0.25,2.74678) 
        Base frequencies (user): 0.247162 0.192056 0.269363 0.29142 
        Substitution rates (user): 1.62496 3.94286 1.65985 1.00513 5.70832 1
INFO Selected: Using threads: 20
INFO     ______ ____   ___           _   __ ______
        / ____// __ \ /   |         / | / // ____/
       / __/  / /_/ // /| | ______ /  |/ // / __  
      / /___ / ____// ___ |/_____// /|  // /_/ /  
     /_____//_/    /_/  |_|      /_/ |_/ \____/ (v0.2.1-beta)
DBG  Peeking into MSA files and generating masks
DBG  Reference File:
     Path: /hits/fast/sco/barbera/long-reads/data/ref_only_nws.fasta
     Sequences: 1661
     Sites: 1588
     Gaps: 0
     Fraction of gaps: 0
DBG  Query File:
     Path: /hits/fast/sco/barbera/long-reads/data/long_reads_nws.fasta
     Sequences: 650
     Sites: 1588
     Gaps: 493
     Fraction of gaps: 0.310453
DBG  Failed to parse input as binary fasta (bfast), trying `fasta` instead.
DBG  Reference File size: 1661
DBG  Reference File width: 1588
DBG     Rate heterogeneity: GAMMA (4 cats, mean),  alpha: 0.60515 (user),  weights&rates: (0.25,0.054172) (0.25,0.315123) (0.25,0.883924) (0.25,2.74678) 
        Base frequencies (user): 0.247162 0.192056 0.269363 0.29142 
        Substitution rates (user): 1.62496 3.94286 1.65985 1.00513 5.70832 1
DBG  Tree length: 85.6567
DBG  Reference tree log-likelihood: -288910.414257
INFO Number of ranks: 1
DBG  Failed to parse input as binary fasta (bfast), trying `fasta` instead.
INFO Output file: /hits/fast/sco/barbera/long-reads/jplace/pruned_V4/long_read_queries/epa_result.jplace
DBG  num_sequences: 650
DBG  BLO Placement.
DBG  Using threads: 20
DBG  Max threads: 20
DBG  Filtering output placements below threshold: 0.01
INFO 650 Sequences done!
INFO Time spent placing: 172s
INFO Elapsed Time: 173s
