
RAxML-NG v. 0.6.0git BETA released on 10.07.2018 by The Exelixis Lab.
Authors: Alexey Kozlov, Alexandros Stamatakis, Diego Darriba, Tomas Flouri, Benoit Morel.
Latest version: https://github.com/amkozlov/raxml-ng
Questions/problems/suggestions? Please visit: https://groups.google.com/forum/#!forum/raxml

WARNING: This is a BETA release, please use at your own risk!

RAxML-NG was called as follows:

raxml-ng --bootstrap --bs-trees 20 --msa data/ref_only_nws.fasta --model GTR+G --prefix /hits/basement/sco/barbera/long-reads/trees/ref_only_nws.fasta/bootstrap/10/bootstrap --threads 8

Analysis options:
  run mode: Bootstrapping
  start tree(s): 
  bootstrap replicates: 20
  random seed: 1533221762
  tip-inner: ON
  pattern compression: ON
  per-rate scalers: OFF
  site repeats: OFF
  branch lengths: linked (ML estimate, algorithm: NR-FAST)
  SIMD kernels: AVX2
  parallelization: PTHREADS (8 threads)

[00:00:00] Reading alignment from file: data/ref_only_nws.fasta
[00:00:00] Loaded alignment with 1661 taxa and 1588 sites

WARNING: Sequences Eukaryota_Archaeplastida_Chloroplastida_Charophyta_Phragmoplastophyta_Streptophyta_Embryophyta_Tracheophyta_Spermatophyta_Magnoliophyta_Asterales_Diplostephium_jenesanum@KX064033_1588_bp and Eukaryota_Archaeplastida_Chloroplastida_Charophyta_Phragmoplastophyta_Streptophyta_Embryophyta_Tracheophyta_Spermatophyta_Magnoliophyta_Asterales_Diplostephium_oblongifolium@KX063984_1588_bp are exactly identical!
WARNING: Sequences Eukaryota_Archaeplastida_Chloroplastida_Charophyta_Phragmoplastophyta_Streptophyta_Embryophyta_Tracheophyta_Spermatophyta_Magnoliophyta_Asterales_Diplostephium_jenesanum@KX064033_1588_bp and Eukaryota_Archaeplastida_Chloroplastida_Charophyta_Phragmoplastophyta_Streptophyta_Embryophyta_Tracheophyta_Spermatophyta_Magnoliophyta_Asterales_Diplostephium_rupestre@KX063977_1588_bp are exactly identical!
WARNING: Sequences Eukaryota_Archaeplastida_Chloroplastida_Charophyta_Phragmoplastophyta_Streptophyta_Embryophyta_Tracheophyta_Spermatophyta_Magnoliophyta_Malpighiales_Hirtella_physophora@KJ414478_1588_bp and Eukaryota_Archaeplastida_Chloroplastida_Charophyta_Phragmoplastophyta_Streptophyta_Embryophyta_Tracheophyta_Spermatophyta_Magnoliophyta_Malpighiales_Hirtella_racemosa@KJ414472_1588_bp are exactly identical!
WARNING: Sequences Eukaryota_Archaeplastida_Chloroplastida_Chlorophyta_Chlorophyceae_Chlorosarcinopsis@HQ246304_1588_bp and Eukaryota_Archaeplastida_Chloroplastida_Chlorophyta_Chlorophyceae_Chlorosarcinopsis@HQ246305_1588_bp are exactly identical!
WARNING: Sequences Eukaryota_Archaeplastida_Chloroplastida_Chlorophyta_Trebouxiophyceae_Coccomyxa_simplex@FN298926_1588_bp and Eukaryota_Archaeplastida_Chloroplastida_Chlorophyta_Trebouxiophyceae_Coccomyxa_simplex@HG972989_1588_bp are exactly identical!
WARNING: Sequences Eukaryota_Opisthokonta_Holozoa_Metazoa_Animalia_Eumetazoa_Bilateria_Annelida_Clitellata_Oligochaeta_Haplotaxida_Rhyacodrilus_hiemalis@DQ459964_1588_bp and Eukaryota_Opisthokonta_Holozoa_Metazoa_Animalia_Eumetazoa_Bilateria_Annelida_Clitellata_Oligochaeta_Haplotaxida_Rhyacodrilus_subterraneus@DQ459962_1588_bp are exactly identical!
WARNING: Sequences Eukaryota_Opisthokonta_Holozoa_Metazoa_Animalia_Eumetazoa_Bilateria_Arthropoda_Chelicerata_Arachnida_Acari_Tectocepheus_sarekensis@EF093776_1588_bp and Eukaryota_Opisthokonta_Holozoa_Metazoa_Animalia_Eumetazoa_Bilateria_Arthropoda_Chelicerata_Arachnida_Acari_Tectocepheus_sarekensis@EF093777_1588_bp are exactly identical!
WARNING: Sequences Eukaryota_Opisthokonta_Holozoa_Metazoa_Animalia_Eumetazoa_Bilateria_Nematoda_Chromadorea_Tylenchida_Pratylenchoides_nevadensis@KU854995_1588_bp and Eukaryota_Opisthokonta_Holozoa_Metazoa_Animalia_Eumetazoa_Bilateria_Nematoda_Chromadorea_Tylenchida_Pratylenchoides_nevadensis@KU854996_1588_bp are exactly identical!
WARNING: Sequences Eukaryota_Opisthokonta_Nucletmycea_Fungi_Dikarya_Ascomycota_Pezizomycotina_Dothideomycetes_Capnodiales_Cladosporiaceae_Cladosporium_herbarum@EU167558_1588_bp and Eukaryota_Opisthokonta_Nucletmycea_Fungi_Dikarya_Ascomycota_Pezizomycotina_Dothideomycetes_Capnodiales_Cladosporiaceae_Cladosporium_iridis@EU167591_1588_bp are exactly identical!
WARNING: Sequences Eukaryota_Opisthokonta_Nucletmycea_Fungi_Dikarya_Ascomycota_Pezizomycotina_Sordariomycetes_Glomerellales_Glomerellaceae_Colletotrichum_truncatum@AJ301944_1588_bp and Eukaryota_Opisthokonta_Nucletmycea_Fungi_Dikarya_Ascomycota_Pezizomycotina_Sordariomycetes_Glomerellales_Glomerellaceae_Colletotrichum_truncatum@AJ301945_1588_bp are exactly identical!
WARNING: Sequences Eukaryota_Opisthokonta_Nucletmycea_Fungi_Dikarya_Ascomycota_Pezizomycotina_Sordariomycetes_Hypocreales_Clavicipitaceae_Epichloe@KU710347_1588_bp and Eukaryota_Opisthokonta_Nucletmycea_Fungi_Dikarya_Ascomycota_Pezizomycotina_Sordariomycetes_Hypocreales_Clavicipitaceae_Epichloe_typhina@KU710348_1588_bp are exactly identical!
WARNING: Sequences Eukaryota_Opisthokonta_Nucletmycea_Fungi_Dikarya_Ascomycota_Pezizomycotina_Sordariomycetes_Magnaporthales_Magnaporthaceae_Magnaporthe_grisea@AB026819_1588_bp and Eukaryota_Opisthokonta_Nucletmycea_Fungi_Dikarya_Ascomycota_Pezizomycotina_Sordariomycetes_Magnaporthales_Magnaporthaceae_Magnaporthe_oryzae@JQ747492_1588_bp are exactly identical!
WARNING: Sequences Eukaryota_Opisthokonta_Nucletmycea_Fungi_Dikarya_Ascomycota_Pezizomycotina_Sordariomycetes_Sordariales_Cephalothecaceae_Phialemonium_dimorphosporum@AB278185_1588_bp and Eukaryota_Opisthokonta_Nucletmycea_Fungi_Dikarya_Ascomycota_Pezizomycotina_Sordariomycetes_Xylariales_Phialemoniopsis_curvata@AB278180_1588_bp are exactly identical!
WARNING: Sequences Eukaryota_Opisthokonta_Nucletmycea_Fungi_Dikarya_Ascomycota_Pezizomycotina_Sordariomycetes_Xylariales_Apiosporaceae_Arthrinium_euphorbiae@AB220190_1588_bp and Eukaryota_Opisthokonta_Nucletmycea_Fungi_Dikarya_Ascomycota_Pezizomycotina_Sordariomycetes_Xylariales_Apiosporaceae_Arthrinium_sacchari@AB220188_1588_bp are exactly identical!
WARNING: Sequences Eukaryota_Opisthokonta_Nucletmycea_Fungi_Dikarya_Basidiomycota_Agaricomycotina_Agaricomycetes_Sebacinales_Sebacinaceae@EF023308_1588_bp and Eukaryota_Opisthokonta_Nucletmycea_Fungi_Dikarya_Basidiomycota_Agaricomycotina_AgaricomycetesSebacinales_Sebacinaceae@EF023231_1588_bp are exactly identical!
WARNING: Sequences Eukaryota_Opisthokonta_Nucletmycea_Fungi_Dikarya_Basidiomycota_Agaricomycotina_Agaricomycetes_Thelephorales@EF023524_1588_bp and Eukaryota_Opisthokonta_Nucletmycea_Fungi_Dikarya_Basidiomycota_Agaricomycotina_Agaricomycetes_Thelephorales@EF023538_1588_bp are exactly identical!
WARNING: Sequences Eukaryota_Opisthokonta_Nucletmycea_Fungi_Dikarya_Basidiomycota_Agaricomycotina_Tremellomycetes_Cystofilobasidiales_Cystofilobasidiaceae_Cystofilobasidium_bisporidii@AB072225_1588_bp and Eukaryota_Opisthokonta_Nucletmycea_Fungi_Dikarya_Basidiomycota_Agaricomycotina_Tremellomycetes_Cystofilobasidiales_Cystofilobasidiaceae_Cystofilobasidium_ferigula@AB032628_1588_bp are exactly identical!
WARNING: Sequences Eukaryota_Opisthokonta_Nucletmycea_Fungi_Dikarya_Basidiomycota_Agaricomycotina_Tremellomycetes_Cystofilobasidiales_Cystofilobasidiaceae_Cystofilobasidium_bisporidii@AB072225_1588_bp and Eukaryota_Opisthokonta_Nucletmycea_Fungi_Dikarya_Basidiomycota_Agaricomycotina_Tremellomycetes_Cystofilobasidiales_Cystofilobasidiaceae_Cystofilobasidium_infirmominiatum@AB072226_1588_bp are exactly identical!
WARNING: Sequences Eukaryota_Opisthokonta_Nucletmycea_Fungi_Dikarya_Basidiomycota_Agaricomycotina_Tremellomycetes_Cystofilobasidiales_Cystofilobasidiaceae_Cystofilobasidium_bisporidii@AB072225_1588_bp and Eukaryota_Opisthokonta_Nucletmycea_Fungi_Dikarya_Basidiomycota_Agaricomycotina_Tremellomycetes_Cystofilobasidiales_Cystofilobasidiaceae_Cystofilobasidium_macerans@AB032642_1588_bp are exactly identical!
WARNING: Sequences Eukaryota_Opisthokonta_Nucletmycea_Fungi_Dikarya_Basidiomycota_Agaricomycotina_Tremellomycetes_Filobasidiales_Piskurozymaceae_Solicoccozyma_aeria@AB032614_1588_bp and Eukaryota_Opisthokonta_Nucletmycea_Fungi_Dikarya_Basidiomycota_Agaricomycotina_Tremellomycetes_Filobasidiales_Piskurozymaceae_Solicoccozyma_fuscescens@AB032631_1588_bp are exactly identical!
WARNING: Sequences Eukaryota_Opisthokonta_Nucletmycea_Fungi_Dikarya_Basidiomycota_Agaricomycotina_Tremellomycetes_Filobasidiales_Piskurozymaceae_Solicoccozyma_aeria@AB032614_1588_bp and Eukaryota_Opisthokonta_Nucletmycea_Fungi_Dikarya_Basidiomycota_Agaricomycotina_Tremellomycetes_Filobasidiales_Piskurozymaceae_Solicoccozyma_terreus@AB032647_1588_bp are exactly identical!
WARNING: Sequences Eukaryota_Opisthokonta_Nucletmycea_Fungi_Dikarya_Basidiomycota_Agaricomycotina_Tremellomycetes_Tremellales_Cuniculitremaceae_Kockovaella_lichenicola@AB032661_1588_bp and Eukaryota_Opisthokonta_Nucletmycea_Fungi_Dikarya_Basidiomycota_Agaricomycotina_Tremellomycetes_Tremellales_Cuniculitremaceae_Kockovaella_litseae@AB042218_1588_bp are exactly identical!
WARNING: Sequences Eukaryota_Opisthokonta_Nucletmycea_Fungi_Dikarya_Basidiomycota_Agaricomycotina_Tremellomycetes_Trichosporonales_Trichosporonaceae_Apiotrichum_dulcitum@AB001755_1588_bp and Eukaryota_Opisthokonta_Nucletmycea_Fungi_Dikarya_Basidiomycota_Agaricomycotina_Tremellomycetes_Trichosporonales_Trichosporonaceae_Apiotrichum_dulcitum@JN939419_1588_bp are exactly identical!
WARNING: Sequences Eukaryota_Opisthokonta_Nucletmycea_Fungi_Mucoromycota_Mortierellomycotina_Mortierellales_Mortierellaceae_Mortierella_alpina@AJ271629_1588_bp and Eukaryota_Opisthokonta_Nucletmycea_Fungi_Mucoromycota_Mortierellomycotina_Mortierellales_Mortierellaceae_Mortierella_alpina@AJ271630_1588_bp are exactly identical!
WARNING: Sequences Eukaryota_Opisthokonta_Nucletmycea_Fungi_Zoopagomycota_Entomophthoromycotina_Basidiobolomycetes_Basidiobolales_Basidiobolaceae_Basidiobolus_meristosporus@MCFE01000829_1588_bp and Eukaryota_Opisthokonta_Nucletmycea_Fungi_Zoopagomycota_Entomophthoromycotina_Basidiobolomycetes_Basidiobolales_Basidiobolaceae_Basidiobolus_meristosporus@MCFE01000866_1588_bp are exactly identical!
WARNING: Sequences Eukaryota_SAR_Alveolata_Apicomplexa_Conoidasida_Cryptosporida_Cryptosporidium_muris_RN66@AAZY02000003_1588_bp and Eukaryota_SAR_Alveolata_Apicomplexa_Conoidasida_Cryptosporida_Cryptosporidium_muris_RN66@AAZY02000007_1588_bp are exactly identical!
WARNING: Sequences Eukaryota_SAR_Stramenopiles_Ochrophyta_Chrysophyceae_Chromulinales@EF024085_1588_bp and Eukaryota_SAR_Stramenopiles_Ochrophyta_Chrysophyceae_Chromulinales@EF024344_1588_bp are exactly identical!
WARNING: Sequences Eukaryota_SAR_Stramenopiles_Ochrophyta_Eustigmatophyceae_Eustigmatales_Vischeria_helvetica@AF045051_1588_bp and Eukaryota_SAR_Stramenopiles_Ochrophyta_Eustigmatophyceae_Eustigmatales_Vischeria_helvetica@JX188080_1588_bp are exactly identical!
WARNING: Sequences Eukaryota_SAR_Stramenopiles_Peronosporomycetes_Phytophthora_brassicae@JN635066_1588_bp and Eukaryota_SAR_Stramenopiles_Peronosporomycetes_Phytophthora_primulae@JN635180_1588_bp are exactly identical!
WARNING: Duplicate sequences found: 29

NOTE: Reduced alignment (with duplicates and gap-only sites/taxa removed) 
NOTE: was saved to: /hits/basement/sco/barbera/long-reads/trees/ref_only_nws.fasta/bootstrap/10/bootstrap.raxml.reduced.phy

Alignment comprises 1 partitions and 1579 patterns

Partition 0: noname
Model: GTR+FO+G4m
Alignment sites / patterns: 1588 / 1579
Gaps: 7.09 %
Invariant sites: 2.77 %


NOTE: Binary MSA file created: /hits/basement/sco/barbera/long-reads/trees/ref_only_nws.fasta/bootstrap/10/bootstrap.raxml.rba

[00:00:00] Data distribution: max. partitions/sites/weight per thread: 1 / 198 / 3168
[00:00:00] Starting bootstrapping analysis with 20 replicates.

[00:39:10] Bootstrap tree #1, logLikelihood: -287056.309402
[01:13:58] Bootstrap tree #2, logLikelihood: -282677.718058
[02:03:03] Bootstrap tree #3, logLikelihood: -286725.847907
[02:59:44] Bootstrap tree #4, logLikelihood: -282265.617839
[04:07:32] Bootstrap tree #5, logLikelihood: -287334.949496
[04:59:27] Bootstrap tree #6, logLikelihood: -276832.999070
[05:52:52] Bootstrap tree #7, logLikelihood: -280784.393765
[06:31:46] Bootstrap tree #8, logLikelihood: -282217.888479
[07:09:42] Bootstrap tree #9, logLikelihood: -280228.273713
[07:43:23] Bootstrap tree #10, logLikelihood: -285327.340406
[08:55:35] Bootstrap tree #11, logLikelihood: -288497.594594
[09:38:32] Bootstrap tree #12, logLikelihood: -282780.452216
[10:21:01] Bootstrap tree #13, logLikelihood: -290228.760347
[11:34:21] Bootstrap tree #14, logLikelihood: -293911.078461
[12:43:37] Bootstrap tree #15, logLikelihood: -285130.904683
[13:19:24] Bootstrap tree #16, logLikelihood: -287430.521350
[13:53:10] Bootstrap tree #17, logLikelihood: -281967.342692
[15:17:34] Bootstrap tree #18, logLikelihood: -280927.996903
[15:51:28] Bootstrap tree #19, logLikelihood: -276758.625204
[17:04:29] Bootstrap tree #20, logLikelihood: -276985.837063

Optimized model parameters:

   Partition 0: noname
   Rate heterogeneity: GAMMA (4 cats, mean),  alpha: 0.588502 (ML),  weights&rates: (0.250000,0.050745) (0.250000,0.305820) (0.250000,0.875337) (0.250000,2.768097) 
   Base frequencies (ML): 0.244865 0.202695 0.270183 0.282257 
   Substitution rates (ML): 1.411374 3.826343 1.519626 0.947542 5.691774 1.000000 
Bootstrap trees saved to: /hits/basement/sco/barbera/long-reads/trees/ref_only_nws.fasta/bootstrap/10/bootstrap.raxml.bootstraps

Execution log saved to: /hits/basement/sco/barbera/long-reads/trees/ref_only_nws.fasta/bootstrap/10/bootstrap.raxml.log

Analysis started: 02-Aug-2018 16:56:02 / finished: 03-Aug-2018 10:00:32

Elapsed time: 61469.910 seconds

