                                     ,     
        __    __    __    __   __     __   
      /   ) /___) /   ) /___) (_ ` / (_ `  
     (___/ (___  /   / (___  (__) / (__)   
      __/______________________________    
    (__/                                   
               2014-2017 by Lucas Czech    
               http://genesis-lib.org
               v0.19.0

Compile Time Options
=============================================

Platform:          Linux
Compiler:          clang 3.9.1 (tags/RELEASE_391/rc2)
C++ version:       201103
Build type:        debug
Endianness:        little endian
Using Pthreads:    true
Using OpenMP:      true

Run Time Options
=============================================

Command line:      (not available)
Number of threads: 1
Random seed:       1206405967

19:43:04 INFO Started
19:43:04 INFO reading jplace sample
19:43:04 INFO edpl
19:43:10 INFO max edpl 0.42185
19:43:10 INFO dists
19:44:18 INFO queries
19:44:18 INFO 0 out of 650 did not have a placement on their branch
19:44:18 INFO max_wd_bu 0.0725675
19:44:18 INFO max_wd_pl 7.7874
19:44:22 INFO Finished
                                     ,     
        __    __    __    __   __     __   
      /   ) /___) /   ) /___) (_ ` / (_ `  
     (___/ (___  /   / (___  (__) / (__)   
      __/______________________________    
    (__/                                   
               2014-2017 by Lucas Czech    
               http://genesis-lib.org
               v0.19.0

Compile Time Options
=============================================

Platform:          Linux
Compiler:          clang 3.9.1 (tags/RELEASE_391/rc2)
C++ version:       201103
Build type:        debug
Endianness:        little endian
Using Pthreads:    true
Using OpenMP:      true

Run Time Options
=============================================

Command line:      (not available)
Number of threads: 1
Random seed:       1865105746

19:44:22 INFO Started
19:44:22 INFO reading jplace sample
19:44:22 INFO edpl
19:44:37 INFO max edpl 0.46074
19:44:37 INFO dists
19:45:34 INFO queries
19:45:35 INFO 0 out of 650 did not have a placement on their branch
19:45:35 INFO max_wd_bu 0.442839
19:45:35 INFO max_wd_pl 29.3742
19:45:38 INFO Finished
