INFO Selected: Output dir: /hits/fast/sco/barbera/long-reads/jplace/long_reads_nws.fasta/
INFO Selected: verbose (debug) output
INFO Selected: Query file: data/long_reads_nws.fasta
INFO Selected: Tree file: /hits/fast/sco/barbera/long-reads/trees/ref_only_nws.fasta/UNCONS_RAND/search.raxml.bestTree
INFO Selected: Reference MSA: /hits/fast/sco/barbera/long-reads/data/ref_only_nws.fasta
INFO Selected: Disabling pre-masking. (repeats enabled!)
INFO Selected: Disabling the prescoring heuristics.
INFO Selected: Specified model: GTR{1.617272/3.931596/1.645921/1.006280/5.718546/1.000000}+FU{0.248546/0.191275/0.268454/0.291725}+G4m{0.607369}
INFO    Rate heterogeneity: GAMMA (4 cats, mean),  alpha: 0.607369 (user),  weights&rates: (0.25,0.0546314) (0.25,0.316343) (0.25,0.885032) (0.25,2.74399) 
        Base frequencies (user): 0.248546 0.191275 0.268454 0.291725 
        Substitution rates (user): 1.61727 3.9316 1.64592 1.00628 5.71855 1
INFO Selected: Using threads: 40
INFO     ______ ____   ___           _   __ ______
        / ____// __ \ /   |         / | / // ____/
       / __/  / /_/ // /| | ______ /  |/ // / __  
      / /___ / ____// ___ |/_____// /|  // /_/ /  
     /_____//_/    /_/  |_|      /_/ |_/ \____/ (v0.2.1-beta)
DBG  Peeking into MSA files and generating masks
DBG  Reference File:
     Path: /hits/fast/sco/barbera/long-reads/data/ref_only_nws.fasta
     Sequences: 1661
     Sites: 1588
     Gaps: 0
     Fraction of gaps: 0
DBG  Query File:
     Path: data/long_reads_nws.fasta
     Sequences: 650
     Sites: 1588
     Gaps: 493
     Fraction of gaps: 0.310453
DBG  Failed to parse input as binary fasta (bfast), trying `fasta` instead.
DBG  Reference File size: 1661
DBG  Reference File width: 1588
DBG     Rate heterogeneity: GAMMA (4 cats, mean),  alpha: 0.607369 (user),  weights&rates: (0.25,0.0546314) (0.25,0.316343) (0.25,0.885032) (0.25,2.74399) 
        Base frequencies (user): 0.248546 0.191275 0.268454 0.291725 
        Substitution rates (user): 1.61727 3.9316 1.64592 1.00628 5.71855 1
DBG  Tree length: 91.4213
DBG  Reference tree log-likelihood: -288903.218060
INFO Number of ranks: 1
DBG  Failed to parse input as binary fasta (bfast), trying `fasta` instead.
INFO Output file: /hits/fast/sco/barbera/long-reads/jplace/long_reads_nws.fasta/epa_result.jplace
DBG  num_sequences: 650
DBG  BLO Placement.
DBG  Using threads: 40
DBG  Max threads: 40
DBG  Filtering output placements below threshold: 0.01
INFO 650 Sequences done!
INFO Time spent placing: 80s
INFO Elapsed Time: 80s
