INFO Selected: Output dir: /home/barberpe/fast/long-reads/jplace/pruned_long/V4_reads_nws.fasta/
INFO Selected: verbose (debug) output
INFO Selected: Query file: data/V4_reads_nws.fasta
INFO Selected: Tree file: /home/barberpe/fast/long-reads/trees/ref_and_long_reads_nws.fasta/pruned/pruned.newick
INFO Selected: Reference MSA: /home/barberpe/fast/long-reads/data/ref_only_nws.fasta
INFO Selected: Disabling pre-masking. (repeats enabled!)
INFO Selected: Disabling the prescoring heuristics.
INFO Selected: Specified model: GTR{1.492224/3.891014/1.602444/0.947354/5.351055/1.000000}+FU{0.246108/0.194998/0.266155/0.292739}+G4m{0.601698}
INFO    Rate heterogeneity: GAMMA (4 cats, mean),  alpha: 0.601698 (user),  weights&rates: (0.25,0.0534585) (0.25,0.313215) (0.25,0.882183) (0.25,2.75114) 
        Base frequencies (user): 0.246108 0.194998 0.266155 0.292739 
        Substitution rates (user): 1.49222 3.89101 1.60244 0.947354 5.35105 1
INFO Selected: Using threads: 40
INFO     ______ ____   ___           _   __ ______
        / ____// __ \ /   |         / | / // ____/
       / __/  / /_/ // /| | ______ /  |/ // / __  
      / /___ / ____// ___ |/_____// /|  // /_/ /  
     /_____//_/    /_/  |_|      /_/ |_/ \____/ (v0.2.1-beta)
DBG  Peeking into MSA files and generating masks
DBG  Reference File:
     Path: /home/barberpe/fast/long-reads/data/ref_only_nws.fasta
     Sequences: 1661
     Sites: 1588
     Gaps: 0
     Fraction of gaps: 0
DBG  Query File:
     Path: data/V4_reads_nws.fasta
     Sequences: 650
     Sites: 1588
     Gaps: 1234
     Fraction of gaps: 0.777078
DBG  Failed to parse input as binary fasta (bfast), trying `fasta` instead.
DBG  Reference File size: 1661
DBG  Reference File width: 1588
DBG     Rate heterogeneity: GAMMA (4 cats, mean),  alpha: 0.601698 (user),  weights&rates: (0.25,0.0534585) (0.25,0.313215) (0.25,0.882183) (0.25,2.75114) 
        Base frequencies (user): 0.246108 0.194998 0.266155 0.292739 
        Substitution rates (user): 1.49222 3.89101 1.60244 0.947354 5.35105 1
DBG  Tree length: 76.307
DBG  Reference tree log-likelihood: -296479.252210
INFO Number of ranks: 1
DBG  Failed to parse input as binary fasta (bfast), trying `fasta` instead.
INFO Output file: /home/barberpe/fast/long-reads/jplace/pruned_long/V4_reads_nws.fasta/epa_result.jplace
DBG  num_sequences: 650
DBG  BLO Placement.
DBG  Using threads: 40
DBG  Max threads: 40
DBG  Filtering output placements below threshold: 0.01
INFO 650 Sequences done!
INFO Time spent placing: 91s
INFO Elapsed Time: 92s
